Using pre-set license
Built from '2021.3/staging' branch; Version is '2021.3.8f1 (b30333d56e81) revision 11731763'; Using compiler version '192829333'; Build Type 'Release'
OS: 'Windows 11  (10.0.22621) 64bit Core' Language: 'en' Physical Memory: 16196 MB
BatchMode: 1, IsHumanControllingUs: 0, StartBugReporterOnCrash: 0, Is64bit: 1, IsPro: 1

COMMAND LINE ARGUMENTS:
C:\Program Files\Unity\Hub\Editor\2021.3.8f1\Editor\Unity.exe
-adb2
-batchMode
-noUpm
-name
AssetImportWorker0
-projectPath
D:/School/GitHub/DemoLevel/IndividualDemoProject
-logFile
Logs/AssetImportWorker0.log
-srvPort
62508
Successfully changed project path to: D:/School/GitHub/DemoLevel/IndividualDemoProject
D:/School/GitHub/DemoLevel/IndividualDemoProject
[UnityMemory] Configuration Parameters - Can be set up in boot.config
    "memorysetup-bucket-allocator-granularity=16"
    "memorysetup-bucket-allocator-bucket-count=8"
    "memorysetup-bucket-allocator-block-size=33554432"
    "memorysetup-bucket-allocator-block-count=8"
    "memorysetup-main-allocator-block-size=16777216"
    "memorysetup-thread-allocator-block-size=16777216"
    "memorysetup-gfx-main-allocator-block-size=16777216"
    "memorysetup-gfx-thread-allocator-block-size=16777216"
    "memorysetup-cache-allocator-block-size=4194304"
    "memorysetup-typetree-allocator-block-size=2097152"
    "memorysetup-profiler-bucket-allocator-granularity=16"
    "memorysetup-profiler-bucket-allocator-bucket-count=8"
    "memorysetup-profiler-bucket-allocator-block-size=33554432"
    "memorysetup-profiler-bucket-allocator-block-count=8"
    "memorysetup-profiler-allocator-block-size=16777216"
    "memorysetup-profiler-editor-allocator-block-size=1048576"
    "memorysetup-temp-allocator-size-main=16777216"
    "memorysetup-job-temp-allocator-block-size=2097152"
    "memorysetup-job-temp-allocator-block-size-background=1048576"
    "memorysetup-job-temp-allocator-reduction-small-platforms=262144"
    "memorysetup-temp-allocator-size-background-worker=32768"
    "memorysetup-temp-allocator-size-job-worker=262144"
    "memorysetup-temp-allocator-size-preload-manager=33554432"
    "memorysetup-temp-allocator-size-nav-mesh-worker=65536"
    "memorysetup-temp-allocator-size-audio-worker=65536"
    "memorysetup-temp-allocator-size-cloud-worker=32768"
    "memorysetup-temp-allocator-size-gi-baking-worker=262144"
    "memorysetup-temp-allocator-size-gfx=262144"
Refreshing native plugins compatible for Editor in 191.20 ms, found 11 plugins.
Preloading 1 native plugins for Editor in 1.51 ms.
Initialize engine version: 2021.3.8f1 (b30333d56e81)
[Subsystems] Discovering subsystems at path C:/Program Files/Unity/Hub/Editor/2021.3.8f1/Editor/Data/Resources/UnitySubsystems
[Subsystems] Discovering subsystems at path D:/School/GitHub/DemoLevel/IndividualDemoProject/Assets
GfxDevice: creating device client; threaded=0; jobified=0
Direct3D:
    Version:  Direct3D 11.0 [level 11.1]
    Renderer: NVIDIA GeForce RTX 2060 (ID=0x1f11)
    Vendor:   NVIDIA
    VRAM:     5968 MB
    Driver:   31.0.15.2756
Initialize mono
Mono path[0] = 'C:/Program Files/Unity/Hub/Editor/2021.3.8f1/Editor/Data/Managed'
Mono path[1] = 'C:/Program Files/Unity/Hub/Editor/2021.3.8f1/Editor/Data/MonoBleedingEdge/lib/mono/unityjit-win32'
Mono config path = 'C:/Program Files/Unity/Hub/Editor/2021.3.8f1/Editor/Data/MonoBleedingEdge/etc'
Using monoOptions --debugger-agent=transport=dt_socket,embedding=1,server=y,suspend=n,address=127.0.0.1:56680
Begin MonoManager ReloadAssembly
Registering precompiled unity dll's ...
Register platform support module: C:/Program Files/Unity/Hub/Editor/2021.3.8f1/Editor/Data/PlaybackEngines/WebGLSupport/UnityEditor.WebGL.Extensions.dll
Register platform support module: C:/Program Files/Unity/Hub/Editor/2021.3.8f1/Editor/Data/PlaybackEngines/AndroidPlayer/UnityEditor.Android.Extensions.dll
Register platform support module: C:/Program Files/Unity/Hub/Editor/2021.3.8f1/Editor/Data/PlaybackEngines/WindowsStandaloneSupport/UnityEditor.WindowsStandalone.Extensions.dll
Registered in 0.011246 seconds.
Native extension for WindowsStandalone target not found
Native extension for Android target not found
Native extension for WebGL target not found
Refreshing native plugins compatible for Editor in 292.64 ms, found 11 plugins.
Preloading 1 native plugins for Editor in 0.33 ms.
Mono: successfully reloaded assembly
- Completed reload, in  1.427 seconds
Domain Reload Profiling:
	ReloadAssembly (1428ms)
		BeginReloadAssembly (150ms)
			ExecutionOrderSort (0ms)
			DisableScriptedObjects (0ms)
			BackupInstance (0ms)
			ReleaseScriptingObjects (0ms)
			CreateAndSetChildDomain (1ms)
		EndReloadAssembly (1088ms)
			LoadAssemblies (148ms)
			RebuildTransferFunctionScriptingTraits (0ms)
			SetupTypeCache (198ms)
			ReleaseScriptCaches (0ms)
			RebuildScriptCaches (57ms)
			SetupLoadedEditorAssemblies (730ms)
				LogAssemblyErrors (0ms)
				InitializePlatformSupportModulesInManaged (148ms)
				SetLoadedEditorAssemblies (0ms)
				RefreshPlugins (293ms)
				BeforeProcessingInitializeOnLoad (2ms)
				ProcessInitializeOnLoadAttributes (192ms)
				ProcessInitializeOnLoadMethodAttributes (94ms)
				AfterProcessingInitializeOnLoad (0ms)
				EditorAssembliesLoaded (0ms)
			ExecutionOrderSort2 (0ms)
			AwakeInstancesAfterBackupRestoration (0ms)
Platform modules already initialized, skipping
Registering precompiled user dll's ...
Registered in 0.022939 seconds.
Android Extension - Scanning For ADB Devices 818 ms
Begin MonoManager ReloadAssembly
Symbol file LoadedFromMemory doesn't match image D:\School\GitHub\DemoLevel\IndividualDemoProject\Library\PackageCache\com.unity.visualscripting@1.7.8\Editor\VisualScripting.Core\Dependencies\DotNetZip\Unity.VisualScripting.IonicZip.dll
Symbol file LoadedFromMemory doesn't match image D:\School\GitHub\DemoLevel\IndividualDemoProject\Library\PackageCache\com.unity.visualscripting@1.7.8\Editor\VisualScripting.Core\Dependencies\YamlDotNet\Unity.VisualScripting.YamlDotNet.dll
Native extension for WindowsStandalone target not found
Native extension for Android target not found
Native extension for WebGL target not found
Refreshing native plugins compatible for Editor in 316.53 ms, found 11 plugins.
Preloading 1 native plugins for Editor in 0.12 ms.
Package Manager log level set to [2]
System.Reflection.TargetInvocationException: Exception has been thrown by the target of an invocation. ---> System.NullReferenceException: Object reference not set to an instance of an object
  at Unity.XR.Oculus.OculusLoader.AssetPathToAbsolutePath (System.String assetPath) [0x0003d] in D:\School\GitHub\DemoLevel\IndividualDemoProject\Library\PackageCache\com.unity.xr.oculus@3.0.2\Runtime\OculusLoader.cs:271 
  at Unity.XR.Oculus.OculusLoader.EditorLoadOVRPlugin () [0x0007b] in D:\School\GitHub\DemoLevel\IndividualDemoProject\Library\PackageCache\com.unity.xr.oculus@3.0.2\Runtime\OculusLoader.cs:256 
  at (wrapper managed-to-native) System.Reflection.RuntimeMethodInfo.InternalInvoke(System.Reflection.RuntimeMethodInfo,object,object[],System.Exception&)
  at System.Reflection.RuntimeMethodInfo.Invoke (System.Object obj, System.Reflection.BindingFlags invokeAttr, System.Reflection.Binder binder, System.Object[] parameters, System.Globalization.CultureInfo culture) [0x0006a] in <c2a97e0383e8404c9fc0ae19d58f57f1>:0 
   --- End of inner exception stack trace ---
  at System.Reflection.RuntimeMethodInfo.Invoke (System.Object obj, System.Reflection.BindingFlags invokeAttr, System.Reflection.Binder binder, System.Object[] parameters, System.Globalization.CultureInfo culture) [0x00083] in <c2a97e0383e8404c9fc0ae19d58f57f1>:0 
  at System.Reflection.MethodBase.Invoke (System.Object obj, System.Object[] parameters) [0x00000] in <c2a97e0383e8404c9fc0ae19d58f57f1>:0 
  at UnityEditor.EditorAssemblies.ProcessInitializeOnLoadMethodAttributes () [0x000a5] in <5f40cdb07bd44d76a23dad985a4ec283>:0 
UnityEngine.StackTraceUtility:ExtractStackTrace ()
UnityEngine.DebugLogHandler:LogFormat (UnityEngine.LogType,UnityEngine.Object,string,object[])
UnityEngine.Logger:Log (UnityEngine.LogType,object)
UnityEngine.Debug:LogError (object)
UnityEditor.EditorAssemblies:ProcessInitializeOnLoadMethodAttributes ()

Mono: successfully reloaded assembly
- Completed reload, in  5.473 seconds
Domain Reload Profiling:
	ReloadAssembly (5475ms)
		BeginReloadAssembly (199ms)
			ExecutionOrderSort (0ms)
			DisableScriptedObjects (16ms)
			BackupInstance (0ms)
			ReleaseScriptingObjects (0ms)
			CreateAndSetChildDomain (33ms)
		EndReloadAssembly (4726ms)
			LoadAssemblies (202ms)
			RebuildTransferFunctionScriptingTraits (0ms)
			SetupTypeCache (1341ms)
			ReleaseScriptCaches (2ms)
			RebuildScriptCaches (302ms)
			SetupLoadedEditorAssemblies (2309ms)
				LogAssemblyErrors (0ms)
				InitializePlatformSupportModulesInManaged (53ms)
				SetLoadedEditorAssemblies (1ms)
				RefreshPlugins (317ms)
				BeforeProcessingInitializeOnLoad (741ms)
				ProcessInitializeOnLoadAttributes (1085ms)
				ProcessInitializeOnLoadMethodAttributes (98ms)
				AfterProcessingInitializeOnLoad (15ms)
				EditorAssembliesLoaded (1ms)
			ExecutionOrderSort2 (0ms)
			AwakeInstancesAfterBackupRestoration (14ms)
Platform modules already initialized, skipping
========================================================================
Worker process is ready to serve import requests
Launched and connected shader compiler UnityShaderCompiler.exe after 5.60 seconds
Refreshing native plugins compatible for Editor in 3.74 ms, found 11 plugins.
Preloading 1 native plugins for Editor in 0.13 ms.
Unloading 4445 Unused Serialized files (Serialized files now loaded: 0)
Unloading 49 unused Assets / (111.9 KB). Loaded Objects now: 4913.
Memory consumption went from 167.2 MB to 167.1 MB.
Total: 8.416700 ms (FindLiveObjects: 0.596900 ms CreateObjectMapping: 0.512200 ms MarkObjects: 7.080800 ms  DeleteObjects: 0.224800 ms)

AssetImportParameters requested are different than current active one (requested -> active):
  custom:video-decoder-ogg-theora: a1e56fd34408186e4bbccfd4996cb3dc -> 
  custom:container-muxer-webm: aa71ff27fc2769a1b78a27578f13a17b -> 
  custom:container-demuxer-webm: 4f35f7cbe854078d1ac9338744f61a02 -> 
  custom:video-encoder-webm-vp8: eb34c28f22e8b96e1ab97ce403110664 -> 
  custom:video-codec-MediaFoundation-h265: 746d11721c4dcdbdad8f713fa42b33f4 -> 
  custom:audio-encoder-webm-vorbis: bf7c407c2cedff20999df2af8eb42d56 -> 
  custom:framework-win-MediaFoundation: 216162199b28c13a410421893ffa2e32 -> 
  custom:container-demuxer-ogg: 62fdf1f143b41e24485cea50d1cbac27 -> 
  custom:video-decoder-webm-vp8: 9c59270c3fd7afecdb556c50c9e8de78 -> 
  custom:audio-decoder-ogg-vorbis: bf7c407c2cedff20999df2af8eb42d56 -> 
========================================================================
Received Prepare
Registering precompiled user dll's ...
Registered in 0.020282 seconds.
Begin MonoManager ReloadAssembly
Symbol file LoadedFromMemory doesn't match image D:\School\GitHub\DemoLevel\IndividualDemoProject\Library\PackageCache\com.unity.visualscripting@1.7.8\Editor\VisualScripting.Core\Dependencies\DotNetZip\Unity.VisualScripting.IonicZip.dll
Symbol file LoadedFromMemory doesn't match image D:\School\GitHub\DemoLevel\IndividualDemoProject\Library\PackageCache\com.unity.visualscripting@1.7.8\Editor\VisualScripting.Core\Dependencies\YamlDotNet\Unity.VisualScripting.YamlDotNet.dll
Native extension for WindowsStandalone target not found
Native extension for Android target not found
Native extension for WebGL target not found
Refreshing native plugins compatible for Editor in 2.45 ms, found 11 plugins.
Preloading 1 native plugins for Editor in 0.12 ms.
System.Reflection.TargetInvocationException: Exception has been thrown by the target of an invocation. ---> System.NullReferenceException: Object reference not set to an instance of an object
  at Unity.XR.Oculus.OculusLoader.AssetPathToAbsolutePath (System.String assetPath) [0x0003d] in D:\School\GitHub\DemoLevel\IndividualDemoProject\Library\PackageCache\com.unity.xr.oculus@3.0.2\Runtime\OculusLoader.cs:271 
  at Unity.XR.Oculus.OculusLoader.EditorLoadOVRPlugin () [0x0007b] in D:\School\GitHub\DemoLevel\IndividualDemoProject\Library\PackageCache\com.unity.xr.oculus@3.0.2\Runtime\OculusLoader.cs:256 
  at (wrapper managed-to-native) System.Reflection.RuntimeMethodInfo.InternalInvoke(System.Reflection.RuntimeMethodInfo,object,object[],System.Exception&)
  at System.Reflection.RuntimeMethodInfo.Invoke (System.Object obj, System.Reflection.BindingFlags invokeAttr, System.Reflection.Binder binder, System.Object[] parameters, System.Globalization.CultureInfo culture) [0x0006a] in <c2a97e0383e8404c9fc0ae19d58f57f1>:0 
   --- End of inner exception stack trace ---
  at System.Reflection.RuntimeMethodInfo.Invoke (System.Object obj, System.Reflection.BindingFlags invokeAttr, System.Reflection.Binder binder, System.Object[] parameters, System.Globalization.CultureInfo culture) [0x00083] in <c2a97e0383e8404c9fc0ae19d58f57f1>:0 
  at System.Reflection.MethodBase.Invoke (System.Object obj, System.Object[] parameters) [0x00000] in <c2a97e0383e8404c9fc0ae19d58f57f1>:0 
  at UnityEditor.EditorAssemblies.ProcessInitializeOnLoadMethodAttributes () [0x000a5] in <5f40cdb07bd44d76a23dad985a4ec283>:0 
UnityEngine.StackTraceUtility:ExtractStackTrace ()
UnityEngine.DebugLogHandler:LogFormat (UnityEngine.LogType,UnityEngine.Object,string,object[])
UnityEngine.Logger:Log (UnityEngine.LogType,object)
UnityEngine.Debug:LogError (object)
UnityEditor.EditorAssemblies:ProcessInitializeOnLoadMethodAttributes ()

Mono: successfully reloaded assembly
- Completed reload, in  2.296 seconds
Domain Reload Profiling:
	ReloadAssembly (2297ms)
		BeginReloadAssembly (223ms)
			ExecutionOrderSort (0ms)
			DisableScriptedObjects (7ms)
			BackupInstance (0ms)
			ReleaseScriptingObjects (0ms)
			CreateAndSetChildDomain (66ms)
		EndReloadAssembly (1886ms)
			LoadAssemblies (165ms)
			RebuildTransferFunctionScriptingTraits (0ms)
			SetupTypeCache (662ms)
			ReleaseScriptCaches (2ms)
			RebuildScriptCaches (121ms)
			SetupLoadedEditorAssemblies (813ms)
				LogAssemblyErrors (0ms)
				InitializePlatformSupportModulesInManaged (43ms)
				SetLoadedEditorAssemblies (2ms)
				RefreshPlugins (3ms)
				BeforeProcessingInitializeOnLoad (172ms)
				ProcessInitializeOnLoadAttributes (516ms)
				ProcessInitializeOnLoadMethodAttributes (65ms)
				AfterProcessingInitializeOnLoad (12ms)
				EditorAssembliesLoaded (0ms)
			ExecutionOrderSort2 (0ms)
			AwakeInstancesAfterBackupRestoration (10ms)
Platform modules already initialized, skipping
Refreshing native plugins compatible for Editor in 9.79 ms, found 11 plugins.
Preloading 1 native plugins for Editor in 0.11 ms.
Unloading 4410 Unused Serialized files (Serialized files now loaded: 0)
Unloading 39 unused Assets / (79.2 KB). Loaded Objects now: 4917.
Memory consumption went from 165.5 MB to 165.4 MB.
Total: 7.900000 ms (FindLiveObjects: 0.601100 ms CreateObjectMapping: 0.416700 ms MarkObjects: 6.743300 ms  DeleteObjects: 0.137100 ms)

AssetImportParameters requested are different than current active one (requested -> active):
  custom:video-decoder-ogg-theora: a1e56fd34408186e4bbccfd4996cb3dc -> 
  custom:container-muxer-webm: aa71ff27fc2769a1b78a27578f13a17b -> 
  custom:container-demuxer-webm: 4f35f7cbe854078d1ac9338744f61a02 -> 
  custom:video-encoder-webm-vp8: eb34c28f22e8b96e1ab97ce403110664 -> 
  custom:video-codec-MediaFoundation-h265: 746d11721c4dcdbdad8f713fa42b33f4 -> 
  custom:audio-encoder-webm-vorbis: bf7c407c2cedff20999df2af8eb42d56 -> 
  custom:framework-win-MediaFoundation: 216162199b28c13a410421893ffa2e32 -> 
  custom:container-demuxer-ogg: 62fdf1f143b41e24485cea50d1cbac27 -> 
  custom:video-decoder-webm-vp8: 9c59270c3fd7afecdb556c50c9e8de78 -> 
  custom:audio-decoder-ogg-vorbis: bf7c407c2cedff20999df2af8eb42d56 -> 
========================================================================
Received Import Request.
  Time since last request: 1349.546356 seconds.
  path: Assets/Custom Prefabs/LostMemory.prefab
  artifactKey: Guid(f88950be6583a3741af90b72b35b8d87) Importer(815301076,1909f56bfc062723c751e8b465ee728b)
Start importing Assets/Custom Prefabs/LostMemory.prefab using Guid(f88950be6583a3741af90b72b35b8d87) Importer(815301076,1909f56bfc062723c751e8b465ee728b)  -> (artifact id: 'e80a2a01f8f73a572d87c3510c806b67') in 0.929074 seconds 
========================================================================
Received Import Request.
  Time since last request: 113.052226 seconds.
  path: Packages/com.unity.inputsystem/InputSystem/Plugins/PlayerInput/DefaultInputActions.inputactions
  artifactKey: Guid(ca9f5fa95ffab41fb9a615ab714db018) Importer(815301076,1909f56bfc062723c751e8b465ee728b)
Start importing Packages/com.unity.inputsystem/InputSystem/Plugins/PlayerInput/DefaultInputActions.inputactions using Guid(ca9f5fa95ffab41fb9a615ab714db018) Importer(815301076,1909f56bfc062723c751e8b465ee728b)  -> (artifact id: '2277c31a185ecff50a8d7c563aea5dda') in 0.045217 seconds 
========================================================================
Received Import Request.
  Time since last request: 146.839614 seconds.
  path: Assets/NewLayer.terrainlayer
  artifactKey: Guid(185c9b7660961a9458e9d3e55aef6c4f) Importer(815301076,1909f56bfc062723c751e8b465ee728b)
Start importing Assets/NewLayer.terrainlayer using Guid(185c9b7660961a9458e9d3e55aef6c4f) Importer(815301076,1909f56bfc062723c751e8b465ee728b)  -> (artifact id: 'ef12679acdddc4ec34a0f12fcdde919b') in 1.654814 seconds 
========================================================================
Received Import Request.
  Time since last request: 3.027734 seconds.
  path: Assets/XRI
  artifactKey: Guid(00406e20b576f7d41a59a2cf49cfa671) Importer(815301076,1909f56bfc062723c751e8b465ee728b)
Start importing Assets/XRI using Guid(00406e20b576f7d41a59a2cf49cfa671) Importer(815301076,1909f56bfc062723c751e8b465ee728b)  -> (artifact id: '851effd5dbd9887734b73ebdaaa2f4ad') in 0.008093 seconds 
========================================================================
Received Import Request.
  Time since last request: 1.773143 seconds.
  path: Assets/XRI/Settings/Resources/InteractionLayerSettings.asset
  artifactKey: Guid(069847e1f417d8c4980a3edb5b51c551) Importer(815301076,1909f56bfc062723c751e8b465ee728b)
Start importing Assets/XRI/Settings/Resources/InteractionLayerSettings.asset using Guid(069847e1f417d8c4980a3edb5b51c551) Importer(815301076,1909f56bfc062723c751e8b465ee728b)  -> (artifact id: '0f3af4346b11e839466e995e86d3ca22') in 0.013174 seconds 
========================================================================
Received Import Request.
  Time since last request: 5.011954 seconds.
  path: Assets/XR/Starter Assets
  artifactKey: Guid(fc77f4d488408ef45a77f61dcc1218d0) Importer(815301076,1909f56bfc062723c751e8b465ee728b)
Start importing Assets/XR/Starter Assets using Guid(fc77f4d488408ef45a77f61dcc1218d0) Importer(815301076,1909f56bfc062723c751e8b465ee728b)  -> (artifact id: '53be38aa74d54ca808981faee2ca8d4b') in 0.007764 seconds 
========================================================================
Received Import Request.
  Time since last request: 17.385336 seconds.
  path: Assets/XR/Starter Assets/Scripts
  artifactKey: Guid(31bb803a87bc16a4f8153da2e9086604) Importer(815301076,1909f56bfc062723c751e8b465ee728b)
Start importing Assets/XR/Starter Assets/Scripts using Guid(31bb803a87bc16a4f8153da2e9086604) Importer(815301076,1909f56bfc062723c751e8b465ee728b)  -> (artifact id: '11ef625998d1c054921dc1605f8f5409') in 0.008355 seconds 
========================================================================
Received Import Request.
  Time since last request: 1.833112 seconds.
  path: Assets/XR/Starter Assets/Prefabs/Complete XR Origin Set Up.prefab
  artifactKey: Guid(895f6f3c2d334633b5800312285058d2) Importer(815301076,1909f56bfc062723c751e8b465ee728b)
Start importing Assets/XR/Starter Assets/Prefabs/Complete XR Origin Set Up.prefab using Guid(895f6f3c2d334633b5800312285058d2) Importer(815301076,1909f56bfc062723c751e8b465ee728b)  -> (artifact id: '374cd36c7715919f994aaa80ae2215d1') in 0.138817 seconds 
========================================================================
Received Import Request.
  Time since last request: 4.459005 seconds.
  path: Assets/XR/Starter Assets/Prefabs/XR Origin Pieces/XR Controller Left.prefab
  artifactKey: Guid(1392f805216c47742996d4742c80721c) Importer(815301076,1909f56bfc062723c751e8b465ee728b)
Start importing Assets/XR/Starter Assets/Prefabs/XR Origin Pieces/XR Controller Left.prefab using Guid(1392f805216c47742996d4742c80721c) Importer(815301076,1909f56bfc062723c751e8b465ee728b)  -> (artifact id: 'ebbf526652eb65d2a16033558ad82178') in 0.020637 seconds 
========================================================================
Received Import Request.
  Time since last request: 0.000024 seconds.
  path: Assets/XR/Starter Assets/Prefabs/XR Origin Pieces/XR Origin Preconfigured.prefab
  artifactKey: Guid(f6336ac4ac8b4d34bc5072418cdc62a0) Importer(815301076,1909f56bfc062723c751e8b465ee728b)
Start importing Assets/XR/Starter Assets/Prefabs/XR Origin Pieces/XR Origin Preconfigured.prefab using Guid(f6336ac4ac8b4d34bc5072418cdc62a0) Importer(815301076,1909f56bfc062723c751e8b465ee728b)  -> (artifact id: '38f16e7d26965ccf196e505476474e51') in 0.059208 seconds 
========================================================================
Received Import Request.
  Time since last request: 26.169290 seconds.
  path: Assets/XR/Starter Assets/Prefabs/UI
  artifactKey: Guid(579a84533ec1ecc498bdc2cc489d2e79) Importer(815301076,1909f56bfc062723c751e8b465ee728b)
Start importing Assets/XR/Starter Assets/Prefabs/UI using Guid(579a84533ec1ecc498bdc2cc489d2e79) Importer(815301076,1909f56bfc062723c751e8b465ee728b)  -> (artifact id: 'cf2772f3510cdc5629ff4a757337fc55') in 0.007646 seconds 
========================================================================
Received Import Request.
  Time since last request: 57.641601 seconds.
  path: Assets/XR/Starter Assets/XRI Default Input Actions 1.inputactions
  artifactKey: Guid(cbd11a1e434560848989890f83d3469e) Importer(815301076,1909f56bfc062723c751e8b465ee728b)
Start importing Assets/XR/Starter Assets/XRI Default Input Actions 1.inputactions using Guid(cbd11a1e434560848989890f83d3469e) Importer(815301076,1909f56bfc062723c751e8b465ee728b)  -> (artifact id: '22b3747cd24b0c4434449805fdb7a8ec') in 0.030052 seconds 
========================================================================
Received Import Request.
  Time since last request: 146.832950 seconds.
  path: Assets/XR/Starter Assets/XRI Default Left Controller.preset
  artifactKey: Guid(ffd8268f7307a0c48a067dad4a8fe060) Importer(815301076,1909f56bfc062723c751e8b465ee728b)
Start importing Assets/XR/Starter Assets/XRI Default Left Controller.preset using Guid(ffd8268f7307a0c48a067dad4a8fe060) Importer(815301076,1909f56bfc062723c751e8b465ee728b)  -> (artifact id: 'f0c4032a2071bb78abc293e7bd9a96b3') in 0.016369 seconds 
========================================================================
Received Import Request.
  Time since last request: 131.318497 seconds.
  path: Assets/XR/Starter Assets/XRI Default Left Controller.preset
  artifactKey: Guid(ffd8268f7307a0c48a067dad4a8fe060) Importer(815301076,1909f56bfc062723c751e8b465ee728b)
Start importing Assets/XR/Starter Assets/XRI Default Left Controller.preset using Guid(ffd8268f7307a0c48a067dad4a8fe060) Importer(815301076,1909f56bfc062723c751e8b465ee728b)  -> (artifact id: 'd6375b8986494f1ebc748f1e9364ace7') in 0.007821 seconds 
========================================================================
Received Import Request.
  Time since last request: 14.262251 seconds.
  path: Assets/XR/Starter Assets/XRI Default Left Controller 1.preset
  artifactKey: Guid(c1e706e866727cc48921cdfa5a21e54e) Importer(815301076,1909f56bfc062723c751e8b465ee728b)
Start importing Assets/XR/Starter Assets/XRI Default Left Controller 1.preset using Guid(c1e706e866727cc48921cdfa5a21e54e) Importer(815301076,1909f56bfc062723c751e8b465ee728b)  -> (artifact id: 'd36741344ee6e2f151f966272a001c55') in 0.012716 seconds 
========================================================================
Received Import Request.
  Time since last request: 39.412961 seconds.
  path: Assets/XR/XRGeneralSettings.asset
  artifactKey: Guid(1a4c68ca72a83449f938d669337cb305) Importer(815301076,1909f56bfc062723c751e8b465ee728b)
Start importing Assets/XR/XRGeneralSettings.asset using Guid(1a4c68ca72a83449f938d669337cb305) Importer(815301076,1909f56bfc062723c751e8b465ee728b)  -> (artifact id: '69950fa6939e48c9f75b7b20dc497f29') in 0.020226 seconds 
========================================================================
Received Import Request.
  Time since last request: 12.418849 seconds.
  path: Assets/XR/Starter Assets/XRI Default Left Controller.preset
  artifactKey: Guid(ffd8268f7307a0c48a067dad4a8fe060) Importer(815301076,1909f56bfc062723c751e8b465ee728b)
Start importing Assets/XR/Starter Assets/XRI Default Left Controller.preset using Guid(ffd8268f7307a0c48a067dad4a8fe060) Importer(815301076,1909f56bfc062723c751e8b465ee728b) SendMessage cannot be called during Awake, CheckConsistency, or OnValidate (Trigger: OnMeshFilterChanged)
SendMessage cannot be called during Awake, CheckConsistency, or OnValidate (TouchPad: OnMeshFilterChanged)
SendMessage cannot be called during Awake, CheckConsistency, or OnValidate (Controller_Base: OnMeshFilterChanged)
SendMessage cannot be called during Awake, CheckConsistency, or OnValidate (Button_Home: OnMeshFilterChanged)
SendMessage cannot be called during Awake, CheckConsistency, or OnValidate (Bumper: OnMeshFilterChanged)
SendMessage cannot be called during Awake, CheckConsistency, or OnValidate (ThumbStick: OnMeshFilterChanged)
SendMessage cannot be called during Awake, CheckConsistency, or OnValidate (Button_A: OnMeshFilterChanged)
SendMessage cannot be called during Awake, CheckConsistency, or OnValidate (Button_B: OnMeshFilterChanged)
SendMessage cannot be called during Awake, CheckConsistency, or OnValidate (ThumbStick_Base: OnMeshFilterChanged)
 -> (artifact id: '15893c50abbcf6de0069cf86cc4cfb3b') in 0.010669 seconds 
========================================================================
Received Import Request.
  Time since last request: 66.249318 seconds.
  path: Assets/XR/Starter Assets/XRI Default Left Controller.preset
  artifactKey: Guid(ffd8268f7307a0c48a067dad4a8fe060) Importer(815301076,1909f56bfc062723c751e8b465ee728b)
Start importing Assets/XR/Starter Assets/XRI Default Left Controller.preset using Guid(ffd8268f7307a0c48a067dad4a8fe060) Importer(815301076,1909f56bfc062723c751e8b465ee728b) SendMessage cannot be called during Awake, CheckConsistency, or OnValidate (Trigger: OnMeshFilterChanged)
SendMessage cannot be called during Awake, CheckConsistency, or OnValidate (TouchPad: OnMeshFilterChanged)
SendMessage cannot be called during Awake, CheckConsistency, or OnValidate (Controller_Base: OnMeshFilterChanged)
SendMessage cannot be called during Awake, CheckConsistency, or OnValidate (Button_Home: OnMeshFilterChanged)
SendMessage cannot be called during Awake, CheckConsistency, or OnValidate (Bumper: OnMeshFilterChanged)
SendMessage cannot be called during Awake, CheckConsistency, or OnValidate (ThumbStick: OnMeshFilterChanged)
SendMessage cannot be called during Awake, CheckConsistency, or OnValidate (Button_A: OnMeshFilterChanged)
SendMessage cannot be called during Awake, CheckConsistency, or OnValidate (Button_B: OnMeshFilterChanged)
SendMessage cannot be called during Awake, CheckConsistency, or OnValidate (ThumbStick_Base: OnMeshFilterChanged)
 -> (artifact id: '558ccae74aecf7ba59cdbff12204b9d7') in 0.011783 seconds 
========================================================================
Received Prepare
Registering precompiled user dll's ...
Registered in 0.020910 seconds.
Begin MonoManager ReloadAssembly
Symbol file LoadedFromMemory doesn't match image D:\School\GitHub\DemoLevel\IndividualDemoProject\Library\PackageCache\com.unity.visualscripting@1.7.8\Editor\VisualScripting.Core\Dependencies\DotNetZip\Unity.VisualScripting.IonicZip.dll
Symbol file LoadedFromMemory doesn't match image D:\School\GitHub\DemoLevel\IndividualDemoProject\Library\PackageCache\com.unity.visualscripting@1.7.8\Editor\VisualScripting.Core\Dependencies\YamlDotNet\Unity.VisualScripting.YamlDotNet.dll
Native extension for WindowsStandalone target not found
Native extension for Android target not found
Native extension for WebGL target not found
Refreshing native plugins compatible for Editor in 1.31 ms, found 11 plugins.
Preloading 1 native plugins for Editor in 0.10 ms.
System.Reflection.TargetInvocationException: Exception has been thrown by the target of an invocation. ---> System.NullReferenceException: Object reference not set to an instance of an object
  at Unity.XR.Oculus.OculusLoader.AssetPathToAbsolutePath (System.String assetPath) [0x0003d] in D:\School\GitHub\DemoLevel\IndividualDemoProject\Library\PackageCache\com.unity.xr.oculus@3.0.2\Runtime\OculusLoader.cs:271 
  at Unity.XR.Oculus.OculusLoader.EditorLoadOVRPlugin () [0x0007b] in D:\School\GitHub\DemoLevel\IndividualDemoProject\Library\PackageCache\com.unity.xr.oculus@3.0.2\Runtime\OculusLoader.cs:256 
  at (wrapper managed-to-native) System.Reflection.RuntimeMethodInfo.InternalInvoke(System.Reflection.RuntimeMethodInfo,object,object[],System.Exception&)
  at System.Reflection.RuntimeMethodInfo.Invoke (System.Object obj, System.Reflection.BindingFlags invokeAttr, System.Reflection.Binder binder, System.Object[] parameters, System.Globalization.CultureInfo culture) [0x0006a] in <c2a97e0383e8404c9fc0ae19d58f57f1>:0 
   --- End of inner exception stack trace ---
  at System.Reflection.RuntimeMethodInfo.Invoke (System.Object obj, System.Reflection.BindingFlags invokeAttr, System.Reflection.Binder binder, System.Object[] parameters, System.Globalization.CultureInfo culture) [0x00083] in <c2a97e0383e8404c9fc0ae19d58f57f1>:0 
  at System.Reflection.MethodBase.Invoke (System.Object obj, System.Object[] parameters) [0x00000] in <c2a97e0383e8404c9fc0ae19d58f57f1>:0 
  at UnityEditor.EditorAssemblies.ProcessInitializeOnLoadMethodAttributes () [0x000a5] in <5f40cdb07bd44d76a23dad985a4ec283>:0 
UnityEngine.StackTraceUtility:ExtractStackTrace ()
UnityEngine.DebugLogHandler:LogFormat (UnityEngine.LogType,UnityEngine.Object,string,object[])
UnityEngine.Logger:Log (UnityEngine.LogType,object)
UnityEngine.Debug:LogError (object)
UnityEditor.EditorAssemblies:ProcessInitializeOnLoadMethodAttributes ()

Mono: successfully reloaded assembly
- Completed reload, in  2.159 seconds
Domain Reload Profiling:
	ReloadAssembly (2160ms)
		BeginReloadAssembly (221ms)
			ExecutionOrderSort (0ms)
			DisableScriptedObjects (11ms)
			BackupInstance (0ms)
			ReleaseScriptingObjects (0ms)
			CreateAndSetChildDomain (67ms)
		EndReloadAssembly (1736ms)
			LoadAssemblies (168ms)
			RebuildTransferFunctionScriptingTraits (0ms)
			SetupTypeCache (550ms)
			ReleaseScriptCaches (2ms)
			RebuildScriptCaches (75ms)
			SetupLoadedEditorAssemblies (826ms)
				LogAssemblyErrors (0ms)
				InitializePlatformSupportModulesInManaged (40ms)
				SetLoadedEditorAssemblies (1ms)
				RefreshPlugins (2ms)
				BeforeProcessingInitializeOnLoad (130ms)
				ProcessInitializeOnLoadAttributes (542ms)
				ProcessInitializeOnLoadMethodAttributes (93ms)
				AfterProcessingInitializeOnLoad (18ms)
				EditorAssembliesLoaded (0ms)
			ExecutionOrderSort2 (0ms)
			AwakeInstancesAfterBackupRestoration (16ms)
Platform modules already initialized, skipping
Refreshing native plugins compatible for Editor in 9.34 ms, found 11 plugins.
Preloading 1 native plugins for Editor in 0.09 ms.
Unloading 4410 Unused Serialized files (Serialized files now loaded: 0)
Unloading 39 unused Assets / (79.1 KB). Loaded Objects now: 4933.
Memory consumption went from 170.1 MB to 170.0 MB.
Total: 6.171900 ms (FindLiveObjects: 0.631400 ms CreateObjectMapping: 0.629500 ms MarkObjects: 4.774600 ms  DeleteObjects: 0.134600 ms)

AssetImportParameters requested are different than current active one (requested -> active):
  custom:video-decoder-ogg-theora: a1e56fd34408186e4bbccfd4996cb3dc -> 
  custom:container-muxer-webm: aa71ff27fc2769a1b78a27578f13a17b -> 
  custom:container-demuxer-webm: 4f35f7cbe854078d1ac9338744f61a02 -> 
  custom:video-encoder-webm-vp8: eb34c28f22e8b96e1ab97ce403110664 -> 
  custom:video-codec-MediaFoundation-h265: 746d11721c4dcdbdad8f713fa42b33f4 -> 
  custom:audio-encoder-webm-vorbis: bf7c407c2cedff20999df2af8eb42d56 -> 
  custom:framework-win-MediaFoundation: 216162199b28c13a410421893ffa2e32 -> 
  custom:container-demuxer-ogg: 62fdf1f143b41e24485cea50d1cbac27 -> 
  custom:video-decoder-webm-vp8: 9c59270c3fd7afecdb556c50c9e8de78 -> 
  custom:audio-decoder-ogg-vorbis: bf7c407c2cedff20999df2af8eb42d56 -> 
========================================================================
Received Prepare
Registering precompiled user dll's ...
Registered in 0.021673 seconds.
Begin MonoManager ReloadAssembly
Symbol file LoadedFromMemory doesn't match image D:\School\GitHub\DemoLevel\IndividualDemoProject\Library\PackageCache\com.unity.visualscripting@1.7.8\Editor\VisualScripting.Core\Dependencies\DotNetZip\Unity.VisualScripting.IonicZip.dll
Symbol file LoadedFromMemory doesn't match image D:\School\GitHub\DemoLevel\IndividualDemoProject\Library\PackageCache\com.unity.visualscripting@1.7.8\Editor\VisualScripting.Core\Dependencies\YamlDotNet\Unity.VisualScripting.YamlDotNet.dll
Native extension for WindowsStandalone target not found
Native extension for Android target not found
Native extension for WebGL target not found
Refreshing native plugins compatible for Editor in 1.32 ms, found 11 plugins.
Preloading 1 native plugins for Editor in 0.11 ms.
System.Reflection.TargetInvocationException: Exception has been thrown by the target of an invocation. ---> System.NullReferenceException: Object reference not set to an instance of an object
  at Unity.XR.Oculus.OculusLoader.AssetPathToAbsolutePath (System.String assetPath) [0x0003d] in D:\School\GitHub\DemoLevel\IndividualDemoProject\Library\PackageCache\com.unity.xr.oculus@3.0.2\Runtime\OculusLoader.cs:271 
  at Unity.XR.Oculus.OculusLoader.EditorLoadOVRPlugin () [0x0007b] in D:\School\GitHub\DemoLevel\IndividualDemoProject\Library\PackageCache\com.unity.xr.oculus@3.0.2\Runtime\OculusLoader.cs:256 
  at (wrapper managed-to-native) System.Reflection.RuntimeMethodInfo.InternalInvoke(System.Reflection.RuntimeMethodInfo,object,object[],System.Exception&)
  at System.Reflection.RuntimeMethodInfo.Invoke (System.Object obj, System.Reflection.BindingFlags invokeAttr, System.Reflection.Binder binder, System.Object[] parameters, System.Globalization.CultureInfo culture) [0x0006a] in <c2a97e0383e8404c9fc0ae19d58f57f1>:0 
   --- End of inner exception stack trace ---
  at System.Reflection.RuntimeMethodInfo.Invoke (System.Object obj, System.Reflection.BindingFlags invokeAttr, System.Reflection.Binder binder, System.Object[] parameters, System.Globalization.CultureInfo culture) [0x00083] in <c2a97e0383e8404c9fc0ae19d58f57f1>:0 
  at System.Reflection.MethodBase.Invoke (System.Object obj, System.Object[] parameters) [0x00000] in <c2a97e0383e8404c9fc0ae19d58f57f1>:0 
  at UnityEditor.EditorAssemblies.ProcessInitializeOnLoadMethodAttributes () [0x000a5] in <5f40cdb07bd44d76a23dad985a4ec283>:0 
UnityEngine.StackTraceUtility:ExtractStackTrace ()
UnityEngine.DebugLogHandler:LogFormat (UnityEngine.LogType,UnityEngine.Object,string,object[])
UnityEngine.Logger:Log (UnityEngine.LogType,object)
UnityEngine.Debug:LogError (object)
UnityEditor.EditorAssemblies:ProcessInitializeOnLoadMethodAttributes ()

Mono: successfully reloaded assembly
- Completed reload, in  2.146 seconds
Domain Reload Profiling:
	ReloadAssembly (2147ms)
		BeginReloadAssembly (226ms)
			ExecutionOrderSort (0ms)
			DisableScriptedObjects (7ms)
			BackupInstance (0ms)
			ReleaseScriptingObjects (0ms)
			CreateAndSetChildDomain (64ms)
		EndReloadAssembly (1716ms)
			LoadAssemblies (178ms)
			RebuildTransferFunctionScriptingTraits (0ms)
			SetupTypeCache (564ms)
			ReleaseScriptCaches (2ms)
			RebuildScriptCaches (72ms)
			SetupLoadedEditorAssemblies (814ms)
				LogAssemblyErrors (0ms)
				InitializePlatformSupportModulesInManaged (41ms)
				SetLoadedEditorAssemblies (1ms)
				RefreshPlugins (2ms)
				BeforeProcessingInitializeOnLoad (119ms)
				ProcessInitializeOnLoadAttributes (550ms)
				ProcessInitializeOnLoadMethodAttributes (84ms)
				AfterProcessingInitializeOnLoad (18ms)
				EditorAssembliesLoaded (0ms)
			ExecutionOrderSort2 (0ms)
			AwakeInstancesAfterBackupRestoration (14ms)
Platform modules already initialized, skipping
Refreshing native plugins compatible for Editor in 11.38 ms, found 11 plugins.
Preloading 1 native plugins for Editor in 0.09 ms.
Unloading 4410 Unused Serialized files (Serialized files now loaded: 0)
Unloading 39 unused Assets / (79.2 KB). Loaded Objects now: 4937.
Memory consumption went from 170.1 MB to 170.0 MB.
Total: 7.949700 ms (FindLiveObjects: 0.509800 ms CreateObjectMapping: 0.415500 ms MarkObjects: 6.889100 ms  DeleteObjects: 0.133500 ms)

AssetImportParameters requested are different than current active one (requested -> active):
  custom:video-decoder-ogg-theora: a1e56fd34408186e4bbccfd4996cb3dc -> 
  custom:container-muxer-webm: aa71ff27fc2769a1b78a27578f13a17b -> 
  custom:container-demuxer-webm: 4f35f7cbe854078d1ac9338744f61a02 -> 
  custom:video-encoder-webm-vp8: eb34c28f22e8b96e1ab97ce403110664 -> 
  custom:video-codec-MediaFoundation-h265: 746d11721c4dcdbdad8f713fa42b33f4 -> 
  custom:audio-encoder-webm-vorbis: bf7c407c2cedff20999df2af8eb42d56 -> 
  custom:framework-win-MediaFoundation: 216162199b28c13a410421893ffa2e32 -> 
  custom:container-demuxer-ogg: 62fdf1f143b41e24485cea50d1cbac27 -> 
  custom:video-decoder-webm-vp8: 9c59270c3fd7afecdb556c50c9e8de78 -> 
  custom:audio-decoder-ogg-vorbis: bf7c407c2cedff20999df2af8eb42d56 -> 
========================================================================
Received Import Request.
  Time since last request: 976.354411 seconds.
  path: Assets/Custom Prefabs
  artifactKey: Guid(598cb9add9396d74fbd7955287cbd451) Importer(815301076,1909f56bfc062723c751e8b465ee728b)
Start importing Assets/Custom Prefabs using Guid(598cb9add9396d74fbd7955287cbd451) Importer(815301076,1909f56bfc062723c751e8b465ee728b)  -> (artifact id: '17333be38f1ec8ac0072c1ff1a041ab6') in 0.020807 seconds 
========================================================================
Received Import Request.
  Time since last request: 355.777872 seconds.
  path: Assets/Scenes
  artifactKey: Guid(0cc1b79de78bc4991892d4d342d7211a) Importer(815301076,1909f56bfc062723c751e8b465ee728b)
Start importing Assets/Scenes using Guid(0cc1b79de78bc4991892d4d342d7211a) Importer(815301076,1909f56bfc062723c751e8b465ee728b)  -> (artifact id: '464905cf348a3030ff915904016b0176') in 0.010606 seconds 
========================================================================
Received Import Request.
  Time since last request: 0.615410 seconds.
  path: Assets/Scripts
  artifactKey: Guid(f6c75f53e8efbd1458919c60629c4a27) Importer(815301076,1909f56bfc062723c751e8b465ee728b)
Start importing Assets/Scripts using Guid(f6c75f53e8efbd1458919c60629c4a27) Importer(815301076,1909f56bfc062723c751e8b465ee728b)  -> (artifact id: 'e3b854074238babc2939965155888ae1') in 0.007456 seconds 
========================================================================
Received Import Request.
  Time since last request: 4.565426 seconds.
  path: Assets/Scripts/destroyFireBall.cs
  artifactKey: Guid(334050e1a067de044832f624a577472b) Importer(815301076,1909f56bfc062723c751e8b465ee728b)
Start importing Assets/Scripts/destroyFireBall.cs using Guid(334050e1a067de044832f624a577472b) Importer(815301076,1909f56bfc062723c751e8b465ee728b)  -> (artifact id: 'a15502a5956234e10a44d6cd0a45d1ed') in 0.026770 seconds 
========================================================================
Received Import Request.
  Time since last request: 3.832456 seconds.
  path: Assets/Scripts/enemyHealth.cs
  artifactKey: Guid(491c88899e6cddc4d95c22c01c4d1ad2) Importer(815301076,1909f56bfc062723c751e8b465ee728b)
Start importing Assets/Scripts/enemyHealth.cs using Guid(491c88899e6cddc4d95c22c01c4d1ad2) Importer(815301076,1909f56bfc062723c751e8b465ee728b)  -> (artifact id: 'ec564983dcb08503d7f352ab0c680384') in 0.009246 seconds 
========================================================================
Received Import Request.
  Time since last request: 1.638818 seconds.
  path: Assets/Scripts/EnemySpawnV2.cs
  artifactKey: Guid(7a0300b8dc5fffa4289d1a22178b5f3b) Importer(815301076,1909f56bfc062723c751e8b465ee728b)
Start importing Assets/Scripts/EnemySpawnV2.cs using Guid(7a0300b8dc5fffa4289d1a22178b5f3b) Importer(815301076,1909f56bfc062723c751e8b465ee728b)  -> (artifact id: '06e40d4c623fd19646183dfb409573c0') in 0.102415 seconds 
========================================================================
Received Import Request.
  Time since last request: 4.298606 seconds.
  path: Assets/Scripts/PowerUpSpawn.cs
  artifactKey: Guid(77ea52acfb781734b99b9de481d523a3) Importer(815301076,1909f56bfc062723c751e8b465ee728b)
Start importing Assets/Scripts/PowerUpSpawn.cs using Guid(77ea52acfb781734b99b9de481d523a3) Importer(815301076,1909f56bfc062723c751e8b465ee728b)  -> (artifact id: '2dde80c5c3a7246d7316c0bc209d4cf6') in 0.007914 seconds 
========================================================================
Received Import Request.
  Time since last request: 2.273453 seconds.
  path: Assets/Scripts/powerUpScript.cs
  artifactKey: Guid(97882c9eb248bb84aab11be2a3f9cb43) Importer(815301076,1909f56bfc062723c751e8b465ee728b)
Start importing Assets/Scripts/powerUpScript.cs using Guid(97882c9eb248bb84aab11be2a3f9cb43) Importer(815301076,1909f56bfc062723c751e8b465ee728b)  -> (artifact id: 'bf8e9a5eca1d66039b7c890d8c3769be') in 0.007886 seconds 
========================================================================
Received Import Request.
  Time since last request: 0.698800 seconds.
  path: Assets/Scripts/playerDamage.cs
  artifactKey: Guid(e269dd5d6421dc54b8071e6da11b42eb) Importer(815301076,1909f56bfc062723c751e8b465ee728b)
Start importing Assets/Scripts/playerDamage.cs using Guid(e269dd5d6421dc54b8071e6da11b42eb) Importer(815301076,1909f56bfc062723c751e8b465ee728b)  -> (artifact id: 'e8bba3565d1266e414bddbea6b69a757') in 0.007728 seconds 
========================================================================
Received Import Request.
  Time since last request: 2.310299 seconds.
  path: Assets/Scripts/shootingController.cs
  artifactKey: Guid(f192c17ddeaaa18408336c912f780f33) Importer(815301076,1909f56bfc062723c751e8b465ee728b)
Start importing Assets/Scripts/shootingController.cs using Guid(f192c17ddeaaa18408336c912f780f33) Importer(815301076,1909f56bfc062723c751e8b465ee728b)  -> (artifact id: '071177deaba6fa44d8afd23386a73b69') in 0.011509 seconds 
========================================================================
Received Import Request.
  Time since last request: 0.549195 seconds.
  path: Assets/Scripts/OnButtonPress.cs
  artifactKey: Guid(ca000d92bff981d40baa5023dc6cb2c0) Importer(815301076,1909f56bfc062723c751e8b465ee728b)
Start importing Assets/Scripts/OnButtonPress.cs using Guid(ca000d92bff981d40baa5023dc6cb2c0) Importer(815301076,1909f56bfc062723c751e8b465ee728b)  -> (artifact id: 'd0aec55d035c55bfd8a8a0b72f73ada8') in 0.007748 seconds 
========================================================================
Received Prepare
Registering precompiled user dll's ...
Registered in 0.020901 seconds.
Begin MonoManager ReloadAssembly
Symbol file LoadedFromMemory doesn't match image D:\School\GitHub\DemoLevel\IndividualDemoProject\Library\PackageCache\com.unity.visualscripting@1.7.8\Editor\VisualScripting.Core\Dependencies\DotNetZip\Unity.VisualScripting.IonicZip.dll
Symbol file LoadedFromMemory doesn't match image D:\School\GitHub\DemoLevel\IndividualDemoProject\Library\PackageCache\com.unity.visualscripting@1.7.8\Editor\VisualScripting.Core\Dependencies\YamlDotNet\Unity.VisualScripting.YamlDotNet.dll
Native extension for WindowsStandalone target not found
Native extension for Android target not found
Native extension for WebGL target not found
Refreshing native plugins compatible for Editor in 1.38 ms, found 11 plugins.
Preloading 1 native plugins for Editor in 0.11 ms.
System.Reflection.TargetInvocationException: Exception has been thrown by the target of an invocation. ---> System.NullReferenceException: Object reference not set to an instance of an object
  at Unity.XR.Oculus.OculusLoader.AssetPathToAbsolutePath (System.String assetPath) [0x0003d] in D:\School\GitHub\DemoLevel\IndividualDemoProject\Library\PackageCache\com.unity.xr.oculus@3.0.2\Runtime\OculusLoader.cs:271 
  at Unity.XR.Oculus.OculusLoader.EditorLoadOVRPlugin () [0x0007b] in D:\School\GitHub\DemoLevel\IndividualDemoProject\Library\PackageCache\com.unity.xr.oculus@3.0.2\Runtime\OculusLoader.cs:256 
  at (wrapper managed-to-native) System.Reflection.RuntimeMethodInfo.InternalInvoke(System.Reflection.RuntimeMethodInfo,object,object[],System.Exception&)
  at System.Reflection.RuntimeMethodInfo.Invoke (System.Object obj, System.Reflection.BindingFlags invokeAttr, System.Reflection.Binder binder, System.Object[] parameters, System.Globalization.CultureInfo culture) [0x0006a] in <c2a97e0383e8404c9fc0ae19d58f57f1>:0 
   --- End of inner exception stack trace ---
  at System.Reflection.RuntimeMethodInfo.Invoke (System.Object obj, System.Reflection.BindingFlags invokeAttr, System.Reflection.Binder binder, System.Object[] parameters, System.Globalization.CultureInfo culture) [0x00083] in <c2a97e0383e8404c9fc0ae19d58f57f1>:0 
  at System.Reflection.MethodBase.Invoke (System.Object obj, System.Object[] parameters) [0x00000] in <c2a97e0383e8404c9fc0ae19d58f57f1>:0 
  at UnityEditor.EditorAssemblies.ProcessInitializeOnLoadMethodAttributes () [0x000a5] in <5f40cdb07bd44d76a23dad985a4ec283>:0 
UnityEngine.StackTraceUtility:ExtractStackTrace ()
UnityEngine.DebugLogHandler:LogFormat (UnityEngine.LogType,UnityEngine.Object,string,object[])
UnityEngine.Logger:Log (UnityEngine.LogType,object)
UnityEngine.Debug:LogError (object)
UnityEditor.EditorAssemblies:ProcessInitializeOnLoadMethodAttributes ()

Mono: successfully reloaded assembly
- Completed reload, in  2.239 seconds
Domain Reload Profiling:
	ReloadAssembly (2240ms)
		BeginReloadAssembly (303ms)
			ExecutionOrderSort (0ms)
			DisableScriptedObjects (12ms)
			BackupInstance (0ms)
			ReleaseScriptingObjects (0ms)
			CreateAndSetChildDomain (97ms)
		EndReloadAssembly (1749ms)
			LoadAssemblies (213ms)
			RebuildTransferFunctionScriptingTraits (0ms)
			SetupTypeCache (539ms)
			ReleaseScriptCaches (3ms)
			RebuildScriptCaches (106ms)
			SetupLoadedEditorAssemblies (834ms)
				LogAssemblyErrors (0ms)
				InitializePlatformSupportModulesInManaged (48ms)
				SetLoadedEditorAssemblies (1ms)
				RefreshPlugins (2ms)
				BeforeProcessingInitializeOnLoad (136ms)
				ProcessInitializeOnLoadAttributes (567ms)
				ProcessInitializeOnLoadMethodAttributes (65ms)
				AfterProcessingInitializeOnLoad (16ms)
				EditorAssembliesLoaded (0ms)
			ExecutionOrderSort2 (0ms)
			AwakeInstancesAfterBackupRestoration (13ms)
Platform modules already initialized, skipping
Refreshing native plugins compatible for Editor in 17.24 ms, found 11 plugins.
Preloading 1 native plugins for Editor in 0.17 ms.
Unloading 4410 Unused Serialized files (Serialized files now loaded: 0)
Unloading 39 unused Assets / (79.3 KB). Loaded Objects now: 4941.
Memory consumption went from 170.1 MB to 170.0 MB.
Total: 9.904600 ms (FindLiveObjects: 0.661800 ms CreateObjectMapping: 0.663800 ms MarkObjects: 8.397700 ms  DeleteObjects: 0.179600 ms)

AssetImportParameters requested are different than current active one (requested -> active):
  custom:video-decoder-ogg-theora: a1e56fd34408186e4bbccfd4996cb3dc -> 
  custom:container-muxer-webm: aa71ff27fc2769a1b78a27578f13a17b -> 
  custom:container-demuxer-webm: 4f35f7cbe854078d1ac9338744f61a02 -> 
  custom:video-encoder-webm-vp8: eb34c28f22e8b96e1ab97ce403110664 -> 
  custom:video-codec-MediaFoundation-h265: 746d11721c4dcdbdad8f713fa42b33f4 -> 
  custom:audio-encoder-webm-vorbis: bf7c407c2cedff20999df2af8eb42d56 -> 
  custom:framework-win-MediaFoundation: 216162199b28c13a410421893ffa2e32 -> 
  custom:container-demuxer-ogg: 62fdf1f143b41e24485cea50d1cbac27 -> 
  custom:video-decoder-webm-vp8: 9c59270c3fd7afecdb556c50c9e8de78 -> 
  custom:audio-decoder-ogg-vorbis: bf7c407c2cedff20999df2af8eb42d56 -> 
========================================================================
Received Prepare
Registering precompiled user dll's ...
Registered in 0.016214 seconds.
Begin MonoManager ReloadAssembly
Symbol file LoadedFromMemory doesn't match image D:\School\GitHub\DemoLevel\IndividualDemoProject\Library\PackageCache\com.unity.visualscripting@1.7.8\Editor\VisualScripting.Core\Dependencies\DotNetZip\Unity.VisualScripting.IonicZip.dll
Symbol file LoadedFromMemory doesn't match image D:\School\GitHub\DemoLevel\IndividualDemoProject\Library\PackageCache\com.unity.visualscripting@1.7.8\Editor\VisualScripting.Core\Dependencies\YamlDotNet\Unity.VisualScripting.YamlDotNet.dll
Native extension for WindowsStandalone target not found
Native extension for Android target not found
Native extension for WebGL target not found
Refreshing native plugins compatible for Editor in 1.23 ms, found 11 plugins.
Preloading 1 native plugins for Editor in 0.09 ms.
System.Reflection.TargetInvocationException: Exception has been thrown by the target of an invocation. ---> System.NullReferenceException: Object reference not set to an instance of an object
  at Unity.XR.Oculus.OculusLoader.AssetPathToAbsolutePath (System.String assetPath) [0x0003d] in D:\School\GitHub\DemoLevel\IndividualDemoProject\Library\PackageCache\com.unity.xr.oculus@3.0.2\Runtime\OculusLoader.cs:271 
  at Unity.XR.Oculus.OculusLoader.EditorLoadOVRPlugin () [0x0007b] in D:\School\GitHub\DemoLevel\IndividualDemoProject\Library\PackageCache\com.unity.xr.oculus@3.0.2\Runtime\OculusLoader.cs:256 
  at (wrapper managed-to-native) System.Reflection.RuntimeMethodInfo.InternalInvoke(System.Reflection.RuntimeMethodInfo,object,object[],System.Exception&)
  at System.Reflection.RuntimeMethodInfo.Invoke (System.Object obj, System.Reflection.BindingFlags invokeAttr, System.Reflection.Binder binder, System.Object[] parameters, System.Globalization.CultureInfo culture) [0x0006a] in <c2a97e0383e8404c9fc0ae19d58f57f1>:0 
   --- End of inner exception stack trace ---
  at System.Reflection.RuntimeMethodInfo.Invoke (System.Object obj, System.Reflection.BindingFlags invokeAttr, System.Reflection.Binder binder, System.Object[] parameters, System.Globalization.CultureInfo culture) [0x00083] in <c2a97e0383e8404c9fc0ae19d58f57f1>:0 
  at System.Reflection.MethodBase.Invoke (System.Object obj, System.Object[] parameters) [0x00000] in <c2a97e0383e8404c9fc0ae19d58f57f1>:0 
  at UnityEditor.EditorAssemblies.ProcessInitializeOnLoadMethodAttributes () [0x000a5] in <5f40cdb07bd44d76a23dad985a4ec283>:0 
UnityEngine.StackTraceUtility:ExtractStackTrace ()
UnityEngine.DebugLogHandler:LogFormat (UnityEngine.LogType,UnityEngine.Object,string,object[])
UnityEngine.Logger:Log (UnityEngine.LogType,object)
UnityEngine.Debug:LogError (object)
UnityEditor.EditorAssemblies:ProcessInitializeOnLoadMethodAttributes ()

Mono: successfully reloaded assembly
- Completed reload, in  1.869 seconds
Domain Reload Profiling:
	ReloadAssembly (1870ms)
		BeginReloadAssembly (198ms)
			ExecutionOrderSort (0ms)
			DisableScriptedObjects (9ms)
			BackupInstance (0ms)
			ReleaseScriptingObjects (0ms)
			CreateAndSetChildDomain (59ms)
		EndReloadAssembly (1504ms)
			LoadAssemblies (149ms)
			RebuildTransferFunctionScriptingTraits (0ms)
			SetupTypeCache (473ms)
			ReleaseScriptCaches (2ms)
			RebuildScriptCaches (79ms)
			SetupLoadedEditorAssemblies (697ms)
				LogAssemblyErrors (0ms)
				InitializePlatformSupportModulesInManaged (39ms)
				SetLoadedEditorAssemblies (1ms)
				RefreshPlugins (1ms)
				BeforeProcessingInitializeOnLoad (126ms)
				ProcessInitializeOnLoadAttributes (443ms)
				ProcessInitializeOnLoadMethodAttributes (74ms)
				AfterProcessingInitializeOnLoad (13ms)
				EditorAssembliesLoaded (0ms)
			ExecutionOrderSort2 (0ms)
			AwakeInstancesAfterBackupRestoration (11ms)
Platform modules already initialized, skipping
Refreshing native plugins compatible for Editor in 10.00 ms, found 11 plugins.
Preloading 1 native plugins for Editor in 0.08 ms.
Unloading 4410 Unused Serialized files (Serialized files now loaded: 0)
Unloading 39 unused Assets / (79.3 KB). Loaded Objects now: 4945.
Memory consumption went from 170.1 MB to 170.0 MB.
Total: 5.426300 ms (FindLiveObjects: 0.506400 ms CreateObjectMapping: 0.355400 ms MarkObjects: 4.436900 ms  DeleteObjects: 0.125900 ms)

AssetImportParameters requested are different than current active one (requested -> active):
  custom:video-decoder-ogg-theora: a1e56fd34408186e4bbccfd4996cb3dc -> 
  custom:container-muxer-webm: aa71ff27fc2769a1b78a27578f13a17b -> 
  custom:container-demuxer-webm: 4f35f7cbe854078d1ac9338744f61a02 -> 
  custom:video-encoder-webm-vp8: eb34c28f22e8b96e1ab97ce403110664 -> 
  custom:video-codec-MediaFoundation-h265: 746d11721c4dcdbdad8f713fa42b33f4 -> 
  custom:audio-encoder-webm-vorbis: bf7c407c2cedff20999df2af8eb42d56 -> 
  custom:framework-win-MediaFoundation: 216162199b28c13a410421893ffa2e32 -> 
  custom:container-demuxer-ogg: 62fdf1f143b41e24485cea50d1cbac27 -> 
  custom:video-decoder-webm-vp8: 9c59270c3fd7afecdb556c50c9e8de78 -> 
  custom:audio-decoder-ogg-vorbis: bf7c407c2cedff20999df2af8eb42d56 -> 
